<?xml version="1.0" encoding="UTF-8"?>
<testsuite name="Como usuario de registro inmobiliario" tests="1" skipped="0" failures="0" errors="0" timestamp="2022-02-19T00:04:49" hostname="COL-LAP-JOS-ARR" time="10.162">
  <properties/>
  <testcase name="Intento de realizar login exitoso en la web de registro inmobiliario" classname="Como usuario de registro inmobiliario" time="10.162"/>
  <system-out><![CDATA[]]></system-out>
  <system-err><![CDATA[feb 18, 2022 7:04:49 PM org.openqa.selenium.remote.DesiredCapabilities chrome
INFORMACIÓN: Using `new ChromeOptions()` is preferred to `DesiredCapabilities.chrome()`
[Test worker] INFO net.serenitybdd.core.webdriver.driverproviders.ProvideNewDriver - Instantiating driver
[Test worker] INFO net.serenitybdd.core.webdriver.driverproviders.ProvideNewDriver - Driver capabilities: Capabilities {acceptInsecureCerts: false, browserName: chrome, goog:chromeOptions: {args: [], extensions: []}, loggingPrefs: org.openqa.selenium.logging..., platform: ANY, version: }
Starting ChromeDriver 98.0.4758.102 (273bf7ac8c909cde36982d27f66f3c70846a3718-refs/branch-heads/4758@{#1151}) on port 10113
Only local connections are allowed.
Please see https://chromedriver.chromium.org/security-considerations for suggestions on keeping ChromeDriver safe.
ChromeDriver was started successfully.
feb 18, 2022 7:04:53 PM org.openqa.selenium.remote.ProtocolHandshake createSession
INFORMACIÓN: Detected dialect: W3C
feb 18, 2022 7:04:55 PM com.babel.automation.ri.tasks.AbreLaWeb performAs
INFORMACIÓN: Se abre la web del sistema de Registro Inmobiliario
[Test worker] INFO net.thucydides.core.steps.ConsoleLoggingListener - 
        __    _____ _____ ____ _____   ____   _    ____  ____  _____ ____  
  _     \ \  |_   _| ____/ ___|_   _| |  _ \ / \  / ___|/ ___|| ____|  _ \ 
 (_)_____| |   | | |  _| \___ \ | |   | |_) / _ \ \___ \\___ \|  _| | | | |
  _|_____| |   | | | |___ ___) || |   |  __/ ___ \ ___) |___) | |___| |_| |
 (_)     | |   |_| |_____|____/ |_|   |_| /_/   \_\____/|____/|_____|____/ 
        /_/                                                                

TEST PASSED: Intento de realizar login exitoso en la web de registro inmobiliario
----------------------------------------------------------------------------
]]></system-err>
</testsuite>
